<?xml version="1.0" encoding="UTF-8"?>
<robot generator="Robot 3.2.2 (Python 3.9.1 on win32)" generated="20210528 10:22:54.723" rpa="false">
<suite id="s1" name="Petclinic Addspecialities" source="C:\Users\JyotirmayeeBehuria\IdeaProjects\Spring-Pet-Clinic-Locally\Robot_tests\Tests\petclinic_addspecialities.robot">
<test id="s1-t1" name="User should be able to navigate to the Specialities page and check the existing specialities">
<kw name="Begin Web Test" library="keywords_general" type="setup">
<kw name="Open Browser" library="SeleniumLibrary">
<doc>Opens a new browser instance to the optional ``url``.</doc>
<arguments>
<arg>about:blank</arg>
<arg>${BROWSER}</arg>
</arguments>
<msg timestamp="20210528 10:22:55.238" level="INFO">Opening browser 'chrome' to base url 'about:blank'.</msg>
<status status="PASS" starttime="20210528 10:22:55.238" endtime="20210528 10:22:57.770"></status>
</kw>
<kw name="Set Selenium Timeout" library="SeleniumLibrary">
<doc>Sets the timeout that is used by various keywords.</doc>
<arguments>
<arg>10</arg>
</arguments>
<status status="PASS" starttime="20210528 10:22:57.771" endtime="20210528 10:22:57.774"></status>
</kw>
<status status="PASS" starttime="20210528 10:22:55.237" endtime="20210528 10:22:57.775"></status>
</kw>
<kw name="Access Web Page &amp;&amp; Verify Home Page Loaded" library="keywords_specialities">
<kw name="Go to Web Page" library="keywords_general">
<kw name="Load Page" library="keywords_general">
<kw name="Go To" library="SeleniumLibrary">
<doc>Navigates the current browser window to the provided ``url``.</doc>
<arguments>
<arg>${URL}</arg>
</arguments>
<msg timestamp="20210528 10:22:57.867" level="INFO">Opening url 'http://localhost:4200/'</msg>
<status status="PASS" starttime="20210528 10:22:57.866" endtime="20210528 10:22:59.572"></status>
</kw>
<status status="PASS" starttime="20210528 10:22:57.865" endtime="20210528 10:22:59.572"></status>
</kw>
<kw name="Verify Page Loaded" library="keywords_general">
<kw name="Get Title" library="SeleniumLibrary">
<doc>Returns the title of the current page.</doc>
<assign>
<var>${LINK_TEXT}</var>
</assign>
<msg timestamp="20210528 10:22:59.661" level="INFO">${LINK_TEXT} = SpringPetclinicAngular</msg>
<status status="PASS" starttime="20210528 10:22:59.573" endtime="20210528 10:22:59.661"></status>
</kw>
<kw name="Should Be Equal" library="BuiltIn">
<doc>Fails if the given objects are unequal.</doc>
<arguments>
<arg>${LINK_TEXT}</arg>
<arg>SpringPetclinicAngular</arg>
</arguments>
<status status="PASS" starttime="20210528 10:22:59.662" endtime="20210528 10:22:59.662"></status>
</kw>
<kw name="Page Should Contain" library="SeleniumLibrary">
<doc>Verifies that current page contains ``text``.</doc>
<arguments>
<arg>Welcome to Petclinic</arg>
</arguments>
<msg timestamp="20210528 10:22:59.860" level="INFO">Current page contains text 'Welcome to Petclinic'.</msg>
<status status="PASS" starttime="20210528 10:22:59.663" endtime="20210528 10:22:59.860"></status>
</kw>
<status status="PASS" starttime="20210528 10:22:59.573" endtime="20210528 10:22:59.861"></status>
</kw>
<status status="PASS" starttime="20210528 10:22:57.864" endtime="20210528 10:22:59.861"></status>
</kw>
<status status="PASS" starttime="20210528 10:22:57.863" endtime="20210528 10:22:59.861"></status>
</kw>
<kw name="User Clicks Menu &amp;&amp; Specialties Page Loaded" library="keywords_specialities">
<kw name="Page Should Contain" library="SeleniumLibrary">
<doc>Verifies that current page contains ``text``.</doc>
<arguments>
<arg>Specialties</arg>
</arguments>
<msg timestamp="20210528 10:22:59.923" level="INFO">Current page contains text 'Specialties'.</msg>
<status status="PASS" starttime="20210528 10:22:59.866" endtime="20210528 10:22:59.923"></status>
</kw>
<kw name="Click Element" library="SeleniumLibrary">
<doc>Click the element identified by ``locator``.</doc>
<arguments>
<arg>xpath://html/body/app-root/div[1]/nav/div/ul/li[5]/a/span[2]</arg>
</arguments>
<msg timestamp="20210528 10:22:59.923" level="INFO">Clicking element 'xpath://html/body/app-root/div[1]/nav/div/ul/li[5]/a/span[2]'.</msg>
<status status="PASS" starttime="20210528 10:22:59.923" endtime="20210528 10:23:00.173"></status>
</kw>
<kw name="Wait Until Page Contains" library="SeleniumLibrary">
<doc>Waits until ``text`` appears on the current page.</doc>
<arguments>
<arg>Name</arg>
</arguments>
<status status="PASS" starttime="20210528 10:23:00.173" endtime="20210528 10:23:00.219"></status>
</kw>
<status status="PASS" starttime="20210528 10:22:59.865" endtime="20210528 10:23:00.219"></status>
</kw>
<kw name="System display the existing specialties" library="keywords_specialities">
<kw name="Page Should Contain" library="SeleniumLibrary">
<doc>Verifies that current page contains ``text``.</doc>
<arguments>
<arg>Specialties</arg>
</arguments>
<msg timestamp="20210528 10:23:00.246" level="INFO">Current page contains text 'Specialties'.</msg>
<status status="PASS" starttime="20210528 10:23:00.221" endtime="20210528 10:23:00.246"></status>
</kw>
<kw name="Wait Until Page Contains" library="SeleniumLibrary">
<doc>Waits until ``text`` appears on the current page.</doc>
<arguments>
<arg>Specialties</arg>
</arguments>
<status status="PASS" starttime="20210528 10:23:00.246" endtime="20210528 10:23:00.281"></status>
</kw>
<status status="PASS" starttime="20210528 10:23:00.220" endtime="20210528 10:23:00.281"></status>
</kw>
<kw name="End Web Test" library="keywords_general" type="teardown">
<kw name="Close Browser" library="SeleniumLibrary">
<doc>Closes the current browser.</doc>
<status status="PASS" starttime="20210528 10:23:00.285" endtime="20210528 10:23:03.699"></status>
</kw>
<status status="PASS" starttime="20210528 10:23:00.284" endtime="20210528 10:23:03.699"></status>
</kw>
<doc>Verifying whether system displays the existing specialties or not</doc>
<tags>
<tag>GD_411</tag>
</tags>
<status status="PASS" starttime="20210528 10:22:55.235" endtime="20210528 10:23:03.701" critical="yes"></status>
</test>
<test id="s1-t2" name="Add a speciality in the Petclinic application through Robot framework">
<kw name="Begin Web Test" library="keywords_general" type="setup">
<kw name="Open Browser" library="SeleniumLibrary">
<doc>Opens a new browser instance to the optional ``url``.</doc>
<arguments>
<arg>about:blank</arg>
<arg>${BROWSER}</arg>
</arguments>
<msg timestamp="20210528 10:23:03.715" level="INFO">Opening browser 'chrome' to base url 'about:blank'.</msg>
<status status="PASS" starttime="20210528 10:23:03.713" endtime="20210528 10:23:05.918"></status>
</kw>
<kw name="Set Selenium Timeout" library="SeleniumLibrary">
<doc>Sets the timeout that is used by various keywords.</doc>
<arguments>
<arg>10</arg>
</arguments>
<status status="PASS" starttime="20210528 10:23:05.918" endtime="20210528 10:23:05.921"></status>
</kw>
<status status="PASS" starttime="20210528 10:23:03.711" endtime="20210528 10:23:05.921"></status>
</kw>
<kw name="Access Web Page &amp;&amp; Verify Home Page Loaded" library="keywords_specialities">
<kw name="Go to Web Page" library="keywords_general">
<kw name="Load Page" library="keywords_general">
<kw name="Go To" library="SeleniumLibrary">
<doc>Navigates the current browser window to the provided ``url``.</doc>
<arguments>
<arg>${URL}</arg>
</arguments>
<msg timestamp="20210528 10:23:05.927" level="INFO">Opening url 'http://localhost:4200/'</msg>
<status status="PASS" starttime="20210528 10:23:05.927" endtime="20210528 10:23:06.841"></status>
</kw>
<status status="PASS" starttime="20210528 10:23:05.926" endtime="20210528 10:23:06.842"></status>
</kw>
<kw name="Verify Page Loaded" library="keywords_general">
<kw name="Get Title" library="SeleniumLibrary">
<doc>Returns the title of the current page.</doc>
<assign>
<var>${LINK_TEXT}</var>
</assign>
<msg timestamp="20210528 10:23:06.850" level="INFO">${LINK_TEXT} = SpringPetclinicAngular</msg>
<status status="PASS" starttime="20210528 10:23:06.843" endtime="20210528 10:23:06.850"></status>
</kw>
<kw name="Should Be Equal" library="BuiltIn">
<doc>Fails if the given objects are unequal.</doc>
<arguments>
<arg>${LINK_TEXT}</arg>
<arg>SpringPetclinicAngular</arg>
</arguments>
<status status="PASS" starttime="20210528 10:23:06.850" endtime="20210528 10:23:06.851"></status>
</kw>
<kw name="Page Should Contain" library="SeleniumLibrary">
<doc>Verifies that current page contains ``text``.</doc>
<arguments>
<arg>Welcome to Petclinic</arg>
</arguments>
<msg timestamp="20210528 10:23:06.885" level="INFO">Current page contains text 'Welcome to Petclinic'.</msg>
<status status="PASS" starttime="20210528 10:23:06.853" endtime="20210528 10:23:06.885"></status>
</kw>
<status status="PASS" starttime="20210528 10:23:06.842" endtime="20210528 10:23:06.885"></status>
</kw>
<status status="PASS" starttime="20210528 10:23:05.924" endtime="20210528 10:23:06.886"></status>
</kw>
<status status="PASS" starttime="20210528 10:23:05.923" endtime="20210528 10:23:06.886"></status>
</kw>
<kw name="User Clicks Menu &amp;&amp; Specialties Page Loaded" library="keywords_specialities">
<kw name="Page Should Contain" library="SeleniumLibrary">
<doc>Verifies that current page contains ``text``.</doc>
<arguments>
<arg>Specialties</arg>
</arguments>
<msg timestamp="20210528 10:23:06.913" level="INFO">Current page contains text 'Specialties'.</msg>
<status status="PASS" starttime="20210528 10:23:06.887" endtime="20210528 10:23:06.913"></status>
</kw>
<kw name="Click Element" library="SeleniumLibrary">
<doc>Click the element identified by ``locator``.</doc>
<arguments>
<arg>xpath://html/body/app-root/div[1]/nav/div/ul/li[5]/a/span[2]</arg>
</arguments>
<msg timestamp="20210528 10:23:06.914" level="INFO">Clicking element 'xpath://html/body/app-root/div[1]/nav/div/ul/li[5]/a/span[2]'.</msg>
<status status="PASS" starttime="20210528 10:23:06.914" endtime="20210528 10:23:07.022"></status>
</kw>
<kw name="Wait Until Page Contains" library="SeleniumLibrary">
<doc>Waits until ``text`` appears on the current page.</doc>
<arguments>
<arg>Name</arg>
</arguments>
<status status="PASS" starttime="20210528 10:23:07.024" endtime="20210528 10:23:07.084"></status>
</kw>
<status status="PASS" starttime="20210528 10:23:06.886" endtime="20210528 10:23:07.085"></status>
</kw>
<kw name="User Clicks Add &amp;&amp; Specialties Division Loaded" library="keywords_specialities">
<kw name="Click Button" library="SeleniumLibrary">
<doc>Clicks the button identified by ``locator``.</doc>
<arguments>
<arg>xpath://html/body/app-root/app-specialty-list/div/div/div/button[2]</arg>
</arguments>
<msg timestamp="20210528 10:23:07.087" level="INFO">Clicking button 'xpath://html/body/app-root/app-specialty-list/div/div/div/button[2]'.</msg>
<status status="PASS" starttime="20210528 10:23:07.087" endtime="20210528 10:23:07.213"></status>
</kw>
<kw name="Wait Until Page Contains" library="SeleniumLibrary">
<doc>Waits until ``text`` appears on the current page.</doc>
<arguments>
<arg>New Specialty</arg>
</arguments>
<status status="PASS" starttime="20210528 10:23:07.213" endtime="20210528 10:23:07.231"></status>
</kw>
<status status="PASS" starttime="20210528 10:23:07.086" endtime="20210528 10:23:07.232"></status>
</kw>
<kw name="Input Specialty name &amp;&amp; Clicks on Save" library="keywords_specialities">
<kw name="Wait Until Page Contains Element" library="SeleniumLibrary">
<doc>Waits until the element ``locator`` appears on the current page.</doc>
<arguments>
<arg>//input[@name="name"]</arg>
</arguments>
<status status="PASS" starttime="20210528 10:23:07.234" endtime="20210528 10:23:07.252"></status>
</kw>
<kw name="Input Text" library="SeleniumLibrary">
<doc>Types the given ``text`` into the text field identified by ``locator``.</doc>
<arguments>
<arg>//input[@name="name"]</arg>
<arg>Pediatric</arg>
</arguments>
<msg timestamp="20210528 10:23:07.252" level="INFO">Typing text 'Pediatric' into text field '//input[@name="name"]'.</msg>
<status status="PASS" starttime="20210528 10:23:07.252" endtime="20210528 10:23:07.505"></status>
</kw>
<kw name="Click Element" library="SeleniumLibrary">
<doc>Click the element identified by ``locator``.</doc>
<arguments>
<arg>xpath://html/body/app-root/app-specialty-list/div/div/div[1]/app-specialty-add/div/div/form/div[2]/div/button</arg>
</arguments>
<msg timestamp="20210528 10:23:07.506" level="INFO">Clicking element 'xpath://html/body/app-root/app-specialty-list/div/div/div[1]/app-specialty-add/div/div/form/div[2]/div/button'.</msg>
<status status="PASS" starttime="20210528 10:23:07.505" endtime="20210528 10:23:07.604"></status>
</kw>
<status status="PASS" starttime="20210528 10:23:07.233" endtime="20210528 10:23:07.604"></status>
</kw>
<kw name="System shows the added Specialties" library="keywords_specialities">
<kw name="Page Should Contain" library="SeleniumLibrary">
<doc>Verifies that current page contains ``text``.</doc>
<arguments>
<arg>Specialties</arg>
</arguments>
<msg timestamp="20210528 10:23:07.625" level="INFO">Current page contains text 'Specialties'.</msg>
<status status="PASS" starttime="20210528 10:23:07.605" endtime="20210528 10:23:07.626"></status>
</kw>
<kw name="Wait Until Page Contains" library="SeleniumLibrary">
<doc>Waits until ``text`` appears on the current page.</doc>
<arguments>
<arg>Specialties</arg>
</arguments>
<status status="PASS" starttime="20210528 10:23:07.626" endtime="20210528 10:23:07.640"></status>
</kw>
<status status="PASS" starttime="20210528 10:23:07.605" endtime="20210528 10:23:07.640"></status>
</kw>
<kw name="End Web Test" library="keywords_general" type="teardown">
<kw name="Close Browser" library="SeleniumLibrary">
<doc>Closes the current browser.</doc>
<status status="PASS" starttime="20210528 10:23:07.644" endtime="20210528 10:23:10.155"></status>
</kw>
<status status="PASS" starttime="20210528 10:23:07.643" endtime="20210528 10:23:10.157"></status>
</kw>
<doc>Verifying that a user can add speciality</doc>
<tags>
<tag>GD_388</tag>
</tags>
<status status="PASS" starttime="20210528 10:23:03.707" endtime="20210528 10:23:10.158" critical="yes"></status>
</test>
<doc>Testsuite Specialities Functionality</doc>
<status status="PASS" starttime="20210528 10:22:54.729" endtime="20210528 10:23:10.165"></status>
</suite>
<statistics>
<total>
<stat pass="2" fail="0">Critical Tests</stat>
<stat pass="2" fail="0">All Tests</stat>
</total>
<tag>
<stat pass="1" fail="0">GD_388</stat>
<stat pass="1" fail="0">GD_411</stat>
</tag>
<suite>
<stat pass="2" fail="0" id="s1" name="Petclinic Addspecialities">Petclinic Addspecialities</stat>
</suite>
</statistics>
<errors>
</errors>
</robot>
